[2025-12-20 06:40:16] - Logger初期化完了
[2025-12-20 06:40:37] - ================================================================================
[2025-12-20 06:40:37] - Step 1: Unknown CVで閾値探索
[2025-12-20 06:40:37] - ================================================================================
[2025-12-20 06:40:37] - 
================================================================================
[2025-12-20 06:40:37] - 閾値 0.3 で評価中...
[2025-12-20 06:40:37] - ================================================================================
[2025-12-20 06:40:37] - Runner初期化完了: unknown_threshold_3
[2025-12-20 06:40:37] -   学習データ: 24920, テストデータ: 9223
[2025-12-20 06:40:37] -   グループ列: なし
[2025-12-20 06:40:37] - 
[2025-12-20 06:40:37] - ================================================================================
[2025-12-20 06:40:37] - Starting 2-Fold Cross Validation
[2025-12-20 06:40:37] - ================================================================================
[2025-12-20 06:40:37] - 
[2025-12-20 06:40:37] - ================================================================================
[2025-12-20 06:40:37] - Fold 0 / 2
[2025-12-20 06:40:37] - ================================================================================
[2025-12-20 06:40:38] -   学習: 18,510, 検証: 6,410
[2025-12-20 06:40:38] - シード固定: 42
[2025-12-20 06:40:38] - 学習開始...
[2025-12-20 06:40:38] - ArcFace訓練開始: 18510サンプル
[2025-12-20 06:40:38] -   モデル: efficientnet_b0, 次元: 512
[2025-12-20 06:40:38] -   バッチ: 64, エポック: 20
[2025-12-20 06:40:38] -   ArcFace (s=30.0, m=0.5)
[2025-12-20 06:40:38] -   EMA: True (decay=0.995)
[2025-12-20 06:40:38] -   クラス数: 10
