[2025-12-20 11:59:03] - 訓練データ: 24920行
[2025-12-20 11:59:03] - テストデータ: 9223行
[2025-12-20 11:59:03] - パラメータ設定完了
[2025-12-20 11:59:03] - Runner初期化完了: arcface_efficientnet_b0_sgkfold_202512200556
[2025-12-20 11:59:03] -   学習データ: 24920, テストデータ: 9223
[2025-12-20 11:59:03] -   グループ列: quarter
[2025-12-20 11:59:03] -   総グループ数: 29
[2025-12-20 11:59:03] - 学習済みモデル arcface_efficientnet_b0_sgkfold_202512200556 を使用
[2025-12-20 11:59:03] - 
[2025-12-20 11:59:03] - ================================================================================
[2025-12-20 11:59:03] - Evaluating 3-Fold CV with Postprocessing (Per-Fold)
[2025-12-20 11:59:03] - ================================================================================
[2025-12-20 11:59:03] - 
Fold 0の処理中...
[2025-12-20 11:59:03] - シード固定: 42
[2025-12-20 11:59:04] - モデル読み込み: /workspace/atma_22_ca/models/arcface_efficientnet_b0_sgkfold_202512200556/arcface_efficientnet_b0_sgkfold_202512200556_fold-0/best.ckpt
[2025-12-20 11:59:04] - ArcFace確率予測: 8265サンプル
[2025-12-20 11:59:12] -   Fold 0の検証データに後処理を適用中...
[2025-12-20 12:00:21] -   最適化後の予測分布:
0     704
1     824
2     437
3     821
4     816
5     647
6     752
7     826
8     791
9     823
10    824
Name: count, dtype: int64
[2025-12-20 12:00:21] -   Fold 0 スコア: 0.09658
[2025-12-20 12:00:21] - 
Fold 1の処理中...
[2025-12-20 12:00:21] - シード固定: 42
[2025-12-20 12:00:21] - モデル読み込み: /workspace/atma_22_ca/models/arcface_efficientnet_b0_sgkfold_202512200556/arcface_efficientnet_b0_sgkfold_202512200556_fold-1/best.ckpt
[2025-12-20 12:00:21] - ArcFace確率予測: 8662サンプル
[2025-12-20 12:00:31] -   Fold 1の検証データに後処理を適用中...
[2025-12-20 12:01:41] -   最適化後の予測分布:
0     501
1     867
2     823
3     858
4     850
5     678
6     862
7     864
8     651
9     863
10    845
Name: count, dtype: int64
[2025-12-20 12:01:41] -   Fold 1 スコア: 0.15780
[2025-12-20 12:01:41] - 
Fold 2の処理中...
[2025-12-20 12:01:41] - シード固定: 42
[2025-12-20 12:01:41] - モデル読み込み: /workspace/atma_22_ca/models/arcface_efficientnet_b0_sgkfold_202512200556/arcface_efficientnet_b0_sgkfold_202512200556_fold-2/best.ckpt
[2025-12-20 12:01:41] - ArcFace確率予測: 7993サンプル
[2025-12-20 12:01:50] -   Fold 2の検証データに後処理を適用中...
[2025-12-20 12:03:03] -   最適化後の予測分布:
0     486
1     801
2     652
3     796
4     797
5     606
6     790
7     801
8     741
9     800
10    723
Name: count, dtype: int64
[2025-12-20 12:03:03] -   Fold 2 スコア: 0.08698
[2025-12-20 12:03:03] - 
================================================================================
[2025-12-20 12:03:03] - 後処理ありの評価結果:
[2025-12-20 12:03:03] - Foldスコア平均: 0.11379 ± 0.03137
[2025-12-20 12:03:03] - ================================================================================
[2025-12-20 12:03:03] - 
[2025-12-20 12:03:03] - ================================================================================
[2025-12-20 12:03:03] - CV Prediction with Optimization (unknown_prob=None)
[2025-12-20 12:03:03] - ================================================================================
[2025-12-20 12:03:03] - Fold 0のモデルで確率予測中...
[2025-12-20 12:03:03] - シード固定: 42
[2025-12-20 12:03:03] - モデル読み込み: /workspace/atma_22_ca/models/arcface_efficientnet_b0_sgkfold_202512200556/arcface_efficientnet_b0_sgkfold_202512200556_fold-0/best.ckpt
[2025-12-20 12:03:03] - ArcFace確率予測: 9223サンプル
[2025-12-20 12:03:17] -   Fold 0: shape=(9223, 12)
[2025-12-20 12:03:17] - Fold 1のモデルで確率予測中...
[2025-12-20 12:03:17] - シード固定: 42
[2025-12-20 12:03:17] - モデル読み込み: /workspace/atma_22_ca/models/arcface_efficientnet_b0_sgkfold_202512200556/arcface_efficientnet_b0_sgkfold_202512200556_fold-1/best.ckpt
[2025-12-20 12:03:17] - ArcFace確率予測: 9223サンプル
[2025-12-20 12:03:27] -   Fold 1: shape=(9223, 12)
[2025-12-20 12:03:27] - Fold 2のモデルで確率予測中...
[2025-12-20 12:03:27] - シード固定: 42
[2025-12-20 12:03:27] - モデル読み込み: /workspace/atma_22_ca/models/arcface_efficientnet_b0_sgkfold_202512200556/arcface_efficientnet_b0_sgkfold_202512200556_fold-2/best.ckpt
[2025-12-20 12:03:27] - ArcFace確率予測: 9223サンプル
[2025-12-20 12:03:36] -   Fold 2: shape=(9223, 12)
[2025-12-20 12:03:36] - 確率の平均完了: (9223, 12)
[2025-12-20 12:03:36] - 個数制約付き最適化を実行中...
[2025-12-20 12:16:41] - 訓練データ: 24920行
[2025-12-20 12:16:41] - テストデータ: 9223行
[2025-12-20 12:16:41] - パラメータ設定完了
[2025-12-20 12:16:41] - Runner初期化完了: arcface_efficientnet_b0_sgkfold_202512200556
[2025-12-20 12:16:41] -   学習データ: 24920, テストデータ: 9223
[2025-12-20 12:16:41] -   グループ列: quarter
[2025-12-20 12:16:41] -   総グループ数: 29
[2025-12-20 12:16:41] - 学習済みモデル arcface_efficientnet_b0_sgkfold_202512200556 を使用
[2025-12-20 12:16:41] - 
[2025-12-20 12:16:41] - ================================================================================
[2025-12-20 12:16:41] - Evaluating 3-Fold CV with Postprocessing (Per-Fold)
[2025-12-20 12:16:41] - ================================================================================
[2025-12-20 12:16:41] - 
Fold 0の処理中...
[2025-12-20 12:16:41] - シード固定: 42
[2025-12-20 12:16:42] - モデル読み込み: /workspace/atma_22_ca/models/arcface_efficientnet_b0_sgkfold_202512200556/arcface_efficientnet_b0_sgkfold_202512200556_fold-0/best.ckpt
[2025-12-20 12:16:42] - ArcFace確率予測: 8265サンプル
[2025-12-20 12:16:51] -   Fold 0の検証データに後処理を適用中...
[2025-12-20 12:18:06] -   最適化後の予測分布:
0     611
1     827
2     824
3     827
4     827
5     216
6     827
7     827
8     825
9     827
10    827
Name: count, dtype: int64
[2025-12-20 12:18:06] -   Fold 0 スコア: 0.09792
[2025-12-20 12:18:06] - 
Fold 1の処理中...
[2025-12-20 12:18:06] - シード固定: 42
[2025-12-20 12:18:06] - モデル読み込み: /workspace/atma_22_ca/models/arcface_efficientnet_b0_sgkfold_202512200556/arcface_efficientnet_b0_sgkfold_202512200556_fold-1/best.ckpt
[2025-12-20 12:18:06] - ArcFace確率予測: 8662サンプル
[2025-12-20 12:18:16] -   Fold 1の検証データに後処理を適用中...
[2025-12-20 12:31:17] - 訓練データ: 24920行
[2025-12-20 12:31:17] - テストデータ: 9223行
[2025-12-20 12:31:17] - パラメータ設定完了
[2025-12-20 12:31:17] - Runner初期化完了: arcface_efficientnet_b0_sgkfold_202512200556
[2025-12-20 12:31:17] -   学習データ: 24920, テストデータ: 9223
[2025-12-20 12:31:17] -   グループ列: quarter
[2025-12-20 12:31:17] -   総グループ数: 29
[2025-12-20 12:31:17] - 学習済みモデル arcface_efficientnet_b0_sgkfold_202512200556 を使用
[2025-12-20 12:31:17] - 
[2025-12-20 12:31:17] - ================================================================================
[2025-12-20 12:31:17] - Evaluating 3-Fold CV with Postprocessing (Per-Fold)
[2025-12-20 12:31:17] - ================================================================================
[2025-12-20 12:31:17] - 
Fold 0の処理中...
[2025-12-20 12:31:17] - シード固定: 42
[2025-12-20 12:31:19] - モデル読み込み: /workspace/atma_22_ca/models/arcface_efficientnet_b0_sgkfold_202512200556/arcface_efficientnet_b0_sgkfold_202512200556_fold-0/best.ckpt
[2025-12-20 12:31:19] - ArcFace確率予測: 8265サンプル
[2025-12-20 12:31:33] -   Fold 0の検証データに後処理を適用中...
[2025-12-20 15:45:52] - 訓練データ: 24920行
[2025-12-20 15:45:52] - テストデータ: 9223行
[2025-12-20 15:45:52] - パラメータ設定完了
[2025-12-20 15:45:52] - Runner初期化完了: arcface_efficientnet_b0_sgkfold_202512200556
[2025-12-20 15:45:52] -   学習データ: 24920, テストデータ: 9223
[2025-12-20 15:45:52] -   グループ列: quarter
[2025-12-20 15:45:52] -   総グループ数: 29
[2025-12-20 15:45:52] - 学習済みモデル arcface_efficientnet_b0_sgkfold_202512200556 を使用
[2025-12-20 15:45:52] - 
[2025-12-20 15:45:52] - ================================================================================
[2025-12-20 15:45:52] - Evaluating 3-Fold CV with Postprocessing (Per-Fold)
[2025-12-20 15:45:52] - ================================================================================
[2025-12-20 15:45:52] - 
Fold 0の処理中...
[2025-12-20 15:45:52] - シード固定: 42
[2025-12-20 15:45:53] - モデル読み込み: /workspace/atma_22_ca/models/arcface_efficientnet_b0_sgkfold_202512200556/arcface_efficientnet_b0_sgkfold_202512200556_fold-0/best.ckpt
[2025-12-20 15:45:53] - ArcFace確率予測: 8265サンプル
[2025-12-20 15:46:06] -   Fold 0の検証データに後処理を適用中...
[2025-12-20 15:46:40] - 訓練データ: 24920行
[2025-12-20 15:46:40] - テストデータ: 9223行
[2025-12-20 15:46:40] - パラメータ設定完了
[2025-12-20 15:46:40] - Runner初期化完了: arcface_efficientnet_b0_sgkfold_202512200556
[2025-12-20 15:46:40] -   学習データ: 24920, テストデータ: 9223
[2025-12-20 15:46:40] -   グループ列: quarter
[2025-12-20 15:46:40] -   総グループ数: 29
[2025-12-20 15:46:40] - 学習済みモデル arcface_efficientnet_b0_sgkfold_202512200556 を使用
[2025-12-20 15:46:40] - 
[2025-12-20 15:46:40] - ================================================================================
[2025-12-20 15:46:40] - Evaluating 3-Fold CV with Postprocessing (Per-Fold)
[2025-12-20 15:46:40] - ================================================================================
[2025-12-20 15:46:40] - 
Fold 0の処理中...
[2025-12-20 15:46:40] - シード固定: 42
[2025-12-20 15:46:41] - モデル読み込み: /workspace/atma_22_ca/models/arcface_efficientnet_b0_sgkfold_202512200556/arcface_efficientnet_b0_sgkfold_202512200556_fold-0/best.ckpt
[2025-12-20 15:46:41] - ArcFace確率予測: 8265サンプル
[2025-12-20 15:46:49] -   Fold 0の検証データに後処理を適用中...
[2025-12-20 15:50:11] - 訓練データ: 24920行
[2025-12-20 15:50:11] - テストデータ: 9223行
[2025-12-20 15:50:11] - パラメータ設定完了
[2025-12-20 15:50:11] - Runner初期化完了: arcface_efficientnet_b0_sgkfold_202512200556
[2025-12-20 15:50:11] -   学習データ: 24920, テストデータ: 9223
[2025-12-20 15:50:11] -   グループ列: quarter
[2025-12-20 15:50:11] -   総グループ数: 29
[2025-12-20 15:50:11] - 学習済みモデル arcface_efficientnet_b0_sgkfold_202512200556 を使用
[2025-12-20 15:50:11] - 
[2025-12-20 15:50:11] - ================================================================================
[2025-12-20 15:50:11] - Evaluating 3-Fold CV with Postprocessing (Per-Fold)
[2025-12-20 15:50:11] - ================================================================================
[2025-12-20 15:50:11] - 
Fold 0の処理中...
[2025-12-20 15:50:11] - シード固定: 42
[2025-12-20 15:50:12] - モデル読み込み: /workspace/atma_22_ca/models/arcface_efficientnet_b0_sgkfold_202512200556/arcface_efficientnet_b0_sgkfold_202512200556_fold-0/best.ckpt
[2025-12-20 15:50:12] - ArcFace確率予測: 8265サンプル
[2025-12-20 15:50:22] -   Fold 0の検証データに後処理を適用中...
[2025-12-20 15:51:50] -   Fold 0 スコア: 0.09792
[2025-12-20 15:59:01] - 訓練データ: 24920行
[2025-12-20 15:59:01] - テストデータ: 9223行
[2025-12-20 15:59:01] - パラメータ設定完了
[2025-12-20 15:59:01] - Runner初期化完了: arcface_efficientnet_b0_sgkfold_202512200556
[2025-12-20 15:59:01] -   学習データ: 24920, テストデータ: 9223
[2025-12-20 15:59:01] -   グループ列: quarter
[2025-12-20 15:59:01] -   総グループ数: 29
[2025-12-20 15:59:01] - 学習済みモデル arcface_efficientnet_b0_sgkfold_202512200556 を使用
[2025-12-20 15:59:01] - 
[2025-12-20 15:59:01] - ================================================================================
[2025-12-20 15:59:01] - Evaluating 3-Fold CV with Postprocessing (Per-Fold)
[2025-12-20 15:59:01] - ================================================================================
[2025-12-20 15:59:01] - 
Fold 0の処理中...
[2025-12-20 15:59:01] - シード固定: 42
[2025-12-20 15:59:02] - モデル読み込み: /workspace/atma_22_ca/models/arcface_efficientnet_b0_sgkfold_202512200556/arcface_efficientnet_b0_sgkfold_202512200556_fold-0/best.ckpt
[2025-12-20 15:59:02] - ArcFace確率予測: 8265サンプル
[2025-12-20 15:59:11] -   Fold 0の検証データに後処理を適用中...
[2025-12-20 16:00:43] -   Fold 0 スコア: 0.09792
[2025-12-20 16:00:43] - 
Fold 1の処理中...
[2025-12-20 16:00:43] - シード固定: 42
[2025-12-20 16:00:44] - モデル読み込み: /workspace/atma_22_ca/models/arcface_efficientnet_b0_sgkfold_202512200556/arcface_efficientnet_b0_sgkfold_202512200556_fold-1/best.ckpt
[2025-12-20 16:00:44] - ArcFace確率予測: 8662サンプル
[2025-12-20 16:00:54] -   Fold 1の検証データに後処理を適用中...
[2025-12-20 16:02:53] - 訓練データ: 24920行
[2025-12-20 16:02:53] - テストデータ: 9223行
[2025-12-20 16:02:53] - パラメータ設定完了
[2025-12-20 16:02:53] - Runner初期化完了: arcface_efficientnet_b0_sgkfold_202512200556
[2025-12-20 16:02:53] -   学習データ: 24920, テストデータ: 9223
[2025-12-20 16:02:53] -   グループ列: quarter
[2025-12-20 16:02:53] -   総グループ数: 29
[2025-12-20 16:02:53] - 学習済みモデル arcface_efficientnet_b0_sgkfold_202512200556 を使用
[2025-12-20 16:02:53] - 
[2025-12-20 16:02:53] - ================================================================================
[2025-12-20 16:02:53] - Evaluating 3-Fold CV with Postprocessing (Per-Fold)
[2025-12-20 16:02:53] - ================================================================================
[2025-12-20 16:02:53] - 
Fold 0の処理中...
[2025-12-20 16:02:53] - シード固定: 42
[2025-12-20 16:02:54] - モデル読み込み: /workspace/atma_22_ca/models/arcface_efficientnet_b0_sgkfold_202512200556/arcface_efficientnet_b0_sgkfold_202512200556_fold-0/best.ckpt
[2025-12-20 16:02:54] - ArcFace確率予測: 8265サンプル
[2025-12-20 16:03:03] -   Fold 0の検証データに後処理を適用中...
[2025-12-20 16:04:33] -   Fold 0 スコア: 0.09792
[2025-12-20 16:04:33] - 
Fold 1の処理中...
[2025-12-20 16:04:33] - シード固定: 42
[2025-12-20 16:04:33] - モデル読み込み: /workspace/atma_22_ca/models/arcface_efficientnet_b0_sgkfold_202512200556/arcface_efficientnet_b0_sgkfold_202512200556_fold-1/best.ckpt
[2025-12-20 16:04:33] - ArcFace確率予測: 8662サンプル
[2025-12-20 16:04:45] -   Fold 1の検証データに後処理を適用中...
[2025-12-20 16:06:12] - 訓練データ: 24920行
[2025-12-20 16:06:12] - テストデータ: 9223行
[2025-12-20 16:06:12] - パラメータ設定完了
[2025-12-20 16:06:12] - Runner初期化完了: arcface_efficientnet_b0_sgkfold_202512200556
[2025-12-20 16:06:12] -   学習データ: 24920, テストデータ: 9223
[2025-12-20 16:06:12] -   グループ列: quarter
[2025-12-20 16:06:12] -   総グループ数: 29
[2025-12-20 16:06:12] - 学習済みモデル arcface_efficientnet_b0_sgkfold_202512200556 を使用
[2025-12-20 16:06:12] - 
[2025-12-20 16:06:12] - ================================================================================
[2025-12-20 16:06:12] - Evaluating 3-Fold CV with Postprocessing (Per-Fold)
[2025-12-20 16:06:12] - ================================================================================
[2025-12-20 16:06:12] - 
Fold 0の処理中...
[2025-12-20 16:06:12] - シード固定: 42
[2025-12-20 16:06:13] - モデル読み込み: /workspace/atma_22_ca/models/arcface_efficientnet_b0_sgkfold_202512200556/arcface_efficientnet_b0_sgkfold_202512200556_fold-0/best.ckpt
[2025-12-20 16:06:13] - ArcFace確率予測: 8265サンプル
[2025-12-20 16:06:23] -   Fold 0の検証データに後処理を適用中...
[2025-12-20 16:07:53] -   Fold 0 スコア: 0.09792
[2025-12-20 16:07:53] - 
Fold 1の処理中...
[2025-12-20 16:07:53] - シード固定: 42
[2025-12-20 16:07:54] - モデル読み込み: /workspace/atma_22_ca/models/arcface_efficientnet_b0_sgkfold_202512200556/arcface_efficientnet_b0_sgkfold_202512200556_fold-1/best.ckpt
[2025-12-20 16:07:54] - ArcFace確率予測: 8662サンプル
[2025-12-20 16:08:06] -   Fold 1の検証データに後処理を適用中...
[2025-12-20 16:09:39] -   Fold 1 スコア: 0.17065
[2025-12-20 16:09:39] - 
Fold 2の処理中...
[2025-12-20 16:09:39] - シード固定: 42
[2025-12-20 16:09:40] - モデル読み込み: /workspace/atma_22_ca/models/arcface_efficientnet_b0_sgkfold_202512200556/arcface_efficientnet_b0_sgkfold_202512200556_fold-2/best.ckpt
[2025-12-20 16:09:40] - ArcFace確率予測: 7993サンプル
[2025-12-20 16:09:49] -   Fold 2の検証データに後処理を適用中...
[2025-12-20 16:10:53] - 訓練データ: 24920行
[2025-12-20 16:10:53] - テストデータ: 9223行
[2025-12-20 16:10:53] - パラメータ設定完了
[2025-12-20 16:10:53] - Runner初期化完了: arcface_efficientnet_b0_sgkfold_202512200556
[2025-12-20 16:10:53] -   学習データ: 24920, テストデータ: 9223
[2025-12-20 16:10:53] -   グループ列: quarter
[2025-12-20 16:10:53] -   総グループ数: 29
[2025-12-20 16:10:53] - 学習済みモデル arcface_efficientnet_b0_sgkfold_202512200556 を使用
[2025-12-20 16:10:53] - 
[2025-12-20 16:10:53] - ================================================================================
[2025-12-20 16:10:53] - Evaluating 3-Fold CV with Postprocessing (Per-Fold)
[2025-12-20 16:10:53] - ================================================================================
[2025-12-20 16:10:53] - 
Fold 0の処理中...
[2025-12-20 16:10:53] - シード固定: 42
[2025-12-20 16:10:53] - モデル読み込み: /workspace/atma_22_ca/models/arcface_efficientnet_b0_sgkfold_202512200556/arcface_efficientnet_b0_sgkfold_202512200556_fold-0/best.ckpt
[2025-12-20 16:10:53] - ArcFace確率予測: 8265サンプル
[2025-12-20 16:11:03] -   Fold 0の検証データに後処理を適用中...
[2025-12-20 16:12:32] -   Fold 0 スコア: 0.09792
[2025-12-20 16:12:32] - 
Fold 1の処理中...
[2025-12-20 16:12:32] - シード固定: 42
[2025-12-20 16:12:33] - モデル読み込み: /workspace/atma_22_ca/models/arcface_efficientnet_b0_sgkfold_202512200556/arcface_efficientnet_b0_sgkfold_202512200556_fold-1/best.ckpt
[2025-12-20 16:12:33] - ArcFace確率予測: 8662サンプル
[2025-12-20 16:12:45] -   Fold 1の検証データに後処理を適用中...
[2025-12-20 16:14:11] - 訓練データ: 24920行
[2025-12-20 16:14:11] - テストデータ: 9223行
[2025-12-20 16:14:11] - パラメータ設定完了
[2025-12-20 16:14:11] - Runner初期化完了: arcface_efficientnet_b0_sgkfold_202512200556
[2025-12-20 16:14:11] -   学習データ: 24920, テストデータ: 9223
[2025-12-20 16:14:11] -   グループ列: quarter
[2025-12-20 16:14:11] -   総グループ数: 29
[2025-12-20 16:14:11] - 学習済みモデル arcface_efficientnet_b0_sgkfold_202512200556 を使用
[2025-12-20 16:14:11] - 
[2025-12-20 16:14:11] - ================================================================================
[2025-12-20 16:14:11] - Evaluating 3-Fold CV with Postprocessing (Per-Fold)
[2025-12-20 16:14:11] - ================================================================================
[2025-12-20 16:14:11] - 
Fold 0の処理中...
[2025-12-20 16:14:11] - シード固定: 42
[2025-12-20 16:14:12] - モデル読み込み: /workspace/atma_22_ca/models/arcface_efficientnet_b0_sgkfold_202512200556/arcface_efficientnet_b0_sgkfold_202512200556_fold-0/best.ckpt
[2025-12-20 16:14:12] - ArcFace確率予測: 8265サンプル
[2025-12-20 16:14:21] -   Fold 0の検証データに後処理を適用中...
[2025-12-20 16:15:51] -   Fold 0 スコア: 0.09792
[2025-12-20 16:15:51] - 
Fold 1の処理中...
[2025-12-20 16:15:51] - シード固定: 42
[2025-12-20 16:15:51] - モデル読み込み: /workspace/atma_22_ca/models/arcface_efficientnet_b0_sgkfold_202512200556/arcface_efficientnet_b0_sgkfold_202512200556_fold-1/best.ckpt
[2025-12-20 16:15:51] - ArcFace確率予測: 8662サンプル
[2025-12-20 16:16:38] - 訓練データ: 24920行
[2025-12-20 16:16:38] - テストデータ: 9223行
[2025-12-20 16:16:38] - パラメータ設定完了
[2025-12-20 16:16:38] - Runner初期化完了: arcface_efficientnet_b0_sgkfold_202512200556
[2025-12-20 16:16:38] -   学習データ: 24920, テストデータ: 9223
[2025-12-20 16:16:38] -   グループ列: quarter
[2025-12-20 16:16:38] -   総グループ数: 29
[2025-12-20 16:16:38] - 学習済みモデル arcface_efficientnet_b0_sgkfold_202512200556 を使用
[2025-12-20 16:16:38] - 
[2025-12-20 16:16:38] - ================================================================================
[2025-12-20 16:16:38] - Evaluating 3-Fold CV with Postprocessing (Per-Fold)
[2025-12-20 16:16:38] - ================================================================================
[2025-12-20 16:16:38] - 
Fold 0の処理中...
[2025-12-20 16:16:39] - シード固定: 42
[2025-12-20 16:16:39] - モデル読み込み: /workspace/atma_22_ca/models/arcface_efficientnet_b0_sgkfold_202512200556/arcface_efficientnet_b0_sgkfold_202512200556_fold-0/best.ckpt
[2025-12-20 16:16:39] - ArcFace確率予測: 8265サンプル
[2025-12-20 16:16:52] -   Fold 0の検証データに後処理を適用中...
[2025-12-20 16:18:22] - 最適化：[0 6 2 ... 7 4 6]
[2025-12-20 16:18:22] - 最適化：[0 6 2 ... 7 4 6]
[2025-12-20 16:18:22] -   Fold 0 スコア: 0.09792
[2025-12-20 16:18:22] - 
Fold 1の処理中...
[2025-12-20 16:18:22] - シード固定: 42
[2025-12-20 16:18:22] - モデル読み込み: /workspace/atma_22_ca/models/arcface_efficientnet_b0_sgkfold_202512200556/arcface_efficientnet_b0_sgkfold_202512200556_fold-1/best.ckpt
[2025-12-20 16:18:22] - ArcFace確率予測: 8662サンプル
[2025-12-20 16:18:36] -   Fold 1の検証データに後処理を適用中...
[2025-12-21 06:15:31] - 訓練データ: 24920行
[2025-12-21 06:15:31] - テストデータ: 9223行
[2025-12-21 06:15:31] - パラメータ設定完了
[2025-12-21 06:15:31] - Runner初期化完了: arcface_efficientnet_b0_sgkfold_202512200556
[2025-12-21 06:15:31] -   学習データ: 24920, テストデータ: 9223
[2025-12-21 06:15:31] -   グループ列: quarter
[2025-12-21 06:15:31] -   総グループ数: 29
[2025-12-21 06:15:31] - 学習済みモデル arcface_efficientnet_b0_sgkfold_202512200556 を使用
[2025-12-21 06:15:34] - 
[2025-12-21 06:15:34] - ================================================================================
[2025-12-21 06:15:34] - Evaluating 3-Fold CV with Postprocessing (Per-Fold)
[2025-12-21 06:15:34] - ================================================================================
[2025-12-21 06:15:34] - 
Fold 0の処理中...
[2025-12-21 06:15:34] - シード固定: 42
[2025-12-21 06:30:31] - 訓練データ: 24920行
[2025-12-21 06:30:31] - テストデータ: 9223行
[2025-12-21 06:30:31] - パラメータ設定完了
[2025-12-21 06:30:31] - Runner初期化完了: arcface_efficientnet_b0_sgkfold_202512200556
[2025-12-21 06:30:31] -   学習データ: 24920, テストデータ: 9223
[2025-12-21 06:30:31] -   グループ列: quarter
[2025-12-21 06:30:31] -   総グループ数: 29
[2025-12-21 06:30:31] - 学習済みモデル arcface_efficientnet_b0_sgkfold_202512200556 を使用
[2025-12-21 06:30:31] - 
[2025-12-21 06:30:31] - ================================================================================
[2025-12-21 06:30:31] - Evaluating 3-Fold CV with Postprocessing (Per-Fold)
[2025-12-21 06:30:31] - ================================================================================
[2025-12-21 06:30:31] - 
Fold 0の処理中...
[2025-12-21 06:30:31] - シード固定: 42
[2025-12-21 06:30:33] - モデル読み込み: /workspace/atma_22_ca/models/arcface_efficientnet_b0_sgkfold_202512200556/arcface_efficientnet_b0_sgkfold_202512200556_fold-0/best.ckpt
[2025-12-21 06:30:33] - ArcFace確率予測: 8265サンプル
[2025-12-21 06:30:48] -   Fold 0の検証データに後処理を適用中...
[2025-12-21 06:30:55] - 最適化：[0 6 8 ... 1 7 6]
[2025-12-21 06:30:55] - 最適化：[0 6 8 ... 1 7 6]
[2025-12-21 06:30:55] -   Fold 0 スコア: 0.09658
[2025-12-21 06:30:55] - 
Fold 1の処理中...
[2025-12-21 06:30:55] - シード固定: 42
[2025-12-21 06:30:56] - モデル読み込み: /workspace/atma_22_ca/models/arcface_efficientnet_b0_sgkfold_202512200556/arcface_efficientnet_b0_sgkfold_202512200556_fold-1/best.ckpt
[2025-12-21 06:30:56] - ArcFace確率予測: 8662サンプル
[2025-12-21 06:31:13] -   Fold 1の検証データに後処理を適用中...
[2025-12-21 06:31:20] - 最適化：[4 6 8 ... 2 3 8]
[2025-12-21 06:31:20] - 最適化：[4 6 8 ... 2 3 8]
[2025-12-21 06:31:20] -   Fold 1 スコア: 0.15780
[2025-12-21 06:31:20] - 
Fold 2の処理中...
[2025-12-21 06:31:20] - シード固定: 42
[2025-12-21 06:31:21] - モデル読み込み: /workspace/atma_22_ca/models/arcface_efficientnet_b0_sgkfold_202512200556/arcface_efficientnet_b0_sgkfold_202512200556_fold-2/best.ckpt
[2025-12-21 06:31:21] - ArcFace確率予測: 7993サンプル
[2025-12-21 06:31:36] -   Fold 2の検証データに後処理を適用中...
[2025-12-21 06:31:42] - 最適化：[0 6 8 ... 8 3 9]
[2025-12-21 06:31:42] - 最適化：[0 6 8 ... 8 3 9]
[2025-12-21 06:31:42] -   Fold 2 スコア: 0.08698
[2025-12-21 06:31:42] - 
================================================================================
[2025-12-21 06:31:42] - 後処理ありの評価結果:
[2025-12-21 06:31:42] - Foldスコア平均: 0.11379 ± 0.03137
[2025-12-21 06:31:42] - ================================================================================
[2025-12-21 06:31:42] - 
[2025-12-21 06:31:42] - ================================================================================
[2025-12-21 06:31:42] - CV Prediction with Optimization (unknown_prob=None)
[2025-12-21 06:31:42] - ================================================================================
[2025-12-21 06:31:42] - Fold 0のモデルで確率予測中...
[2025-12-21 06:31:42] - シード固定: 42
[2025-12-21 06:31:43] - モデル読み込み: /workspace/atma_22_ca/models/arcface_efficientnet_b0_sgkfold_202512200556/arcface_efficientnet_b0_sgkfold_202512200556_fold-0/best.ckpt
[2025-12-21 06:31:43] - ArcFace確率予測: 9223サンプル
[2025-12-21 06:32:04] -   Fold 0: shape=(9223, 12)
[2025-12-21 06:32:04] - Fold 1のモデルで確率予測中...
[2025-12-21 06:32:04] - シード固定: 42
[2025-12-21 06:32:04] - モデル読み込み: /workspace/atma_22_ca/models/arcface_efficientnet_b0_sgkfold_202512200556/arcface_efficientnet_b0_sgkfold_202512200556_fold-1/best.ckpt
[2025-12-21 06:32:04] - ArcFace確率予測: 9223サンプル
[2025-12-21 06:32:25] -   Fold 1: shape=(9223, 12)
[2025-12-21 06:32:25] - Fold 2のモデルで確率予測中...
[2025-12-21 06:32:25] - シード固定: 42
[2025-12-21 06:32:26] - モデル読み込み: /workspace/atma_22_ca/models/arcface_efficientnet_b0_sgkfold_202512200556/arcface_efficientnet_b0_sgkfold_202512200556_fold-2/best.ckpt
[2025-12-21 06:32:26] - ArcFace確率予測: 9223サンプル
[2025-12-21 06:32:49] -   Fold 2: shape=(9223, 12)
[2025-12-21 06:32:49] - 確率の平均完了: (9223, 12)
[2025-12-21 06:32:49] - 個数制約付き最適化を実行中...
[2025-12-21 06:33:13] - 予測完了（閾値なし）
[2025-12-21 06:33:13] - Unknown(-1)の数: 467
[2025-12-21 06:34:42] - 提出ファイル保存: /workspace/atma_22_ca/data/submission/submission_demo_postprocessing_demo_20251221_063442.csv
