[2025-12-20 11:46:49] - 訓練データ: 24920行
[2025-12-20 11:46:49] - テストデータ: 9223行
[2025-12-20 11:46:49] - パラメータ設定完了
[2025-12-20 11:46:49] - Runner初期化完了: arcface_efficientnet_b0_sgkfold_202512200556
[2025-12-20 11:46:49] -   学習データ: 24920, テストデータ: 9223
[2025-12-20 11:46:49] -   グループ列: quarter
[2025-12-20 11:46:49] -   総グループ数: 29
[2025-12-20 11:46:49] - 学習済みモデル arcface_efficientnet_b0_sgkfold_202512200556 を使用
[2025-12-20 11:46:49] - 
[2025-12-20 11:46:49] - ================================================================================
[2025-12-20 11:46:49] - Evaluating 3-Fold CV with Postprocessing (Per-Fold)
[2025-12-20 11:46:49] - ================================================================================
[2025-12-20 11:46:49] - 
Fold 0の処理中...
[2025-12-20 11:46:49] - シード固定: 42
[2025-12-20 11:46:50] - モデル読み込み: /workspace/atma_22_ca/models/arcface_efficientnet_b0_sgkfold_202512200556/arcface_efficientnet_b0_sgkfold_202512200556_fold-0/best.ckpt
[2025-12-20 11:46:50] - ArcFace確率予測: 8265サンプル
[2025-12-20 11:47:02] -   Fold 0の検証データに後処理を適用中...
[2025-12-20 11:48:24] - 
Fold 1の処理中...
[2025-12-20 11:48:24] - シード固定: 42
[2025-12-20 11:48:25] - モデル読み込み: /workspace/atma_22_ca/models/arcface_efficientnet_b0_sgkfold_202512200556/arcface_efficientnet_b0_sgkfold_202512200556_fold-1/best.ckpt
[2025-12-20 11:48:25] - ArcFace確率予測: 8662サンプル
[2025-12-20 11:48:34] -   Fold 1の検証データに後処理を適用中...
[2025-12-20 11:49:45] - 
Fold 2の処理中...
[2025-12-20 11:49:45] - シード固定: 42
[2025-12-20 11:49:46] - モデル読み込み: /workspace/atma_22_ca/models/arcface_efficientnet_b0_sgkfold_202512200556/arcface_efficientnet_b0_sgkfold_202512200556_fold-2/best.ckpt
[2025-12-20 11:49:46] - ArcFace確率予測: 7993サンプル
[2025-12-20 11:49:55] -   Fold 2の検証データに後処理を適用中...
[2025-12-20 11:51:00] - 
================================================================================
[2025-12-20 11:51:00] - 後処理ありの評価結果:
[2025-12-20 11:51:00] - Foldスコア平均: 0.11379 ± 0.03137
[2025-12-20 11:51:00] - ================================================================================
[2025-12-20 11:51:00] - 
[2025-12-20 11:51:00] - ================================================================================
[2025-12-20 11:51:00] - CV Prediction with Optimization (unknown_prob=None)
[2025-12-20 11:51:00] - ================================================================================
[2025-12-20 11:51:00] - Fold 0のモデルで確率予測中...
[2025-12-20 11:51:00] - シード固定: 42
[2025-12-20 11:51:01] - モデル読み込み: /workspace/atma_22_ca/models/arcface_efficientnet_b0_sgkfold_202512200556/arcface_efficientnet_b0_sgkfold_202512200556_fold-0/best.ckpt
[2025-12-20 11:51:01] - ArcFace確率予測: 9223サンプル
[2025-12-20 11:51:14] -   Fold 0: shape=(9223, 12)
[2025-12-20 11:51:14] - Fold 1のモデルで確率予測中...
[2025-12-20 11:51:14] - シード固定: 42
[2025-12-20 11:51:15] - モデル読み込み: /workspace/atma_22_ca/models/arcface_efficientnet_b0_sgkfold_202512200556/arcface_efficientnet_b0_sgkfold_202512200556_fold-1/best.ckpt
[2025-12-20 11:51:15] - ArcFace確率予測: 9223サンプル
[2025-12-20 11:51:26] -   Fold 1: shape=(9223, 12)
[2025-12-20 11:51:26] - Fold 2のモデルで確率予測中...
[2025-12-20 11:51:26] - シード固定: 42
[2025-12-20 11:51:26] - モデル読み込み: /workspace/atma_22_ca/models/arcface_efficientnet_b0_sgkfold_202512200556/arcface_efficientnet_b0_sgkfold_202512200556_fold-2/best.ckpt
[2025-12-20 11:51:26] - ArcFace確率予測: 9223サンプル
[2025-12-20 11:51:35] -   Fold 2: shape=(9223, 12)
[2025-12-20 11:51:35] - 確率の平均完了: (9223, 12)
[2025-12-20 11:51:35] - 個数制約付き最適化を実行中...
